{"contracts\\SimpleStorage.sol":{"l":{"17":1,"21":2,"26":0,"30":0,"32":0,"36":0},"path":"C:\\Users\\jrehans\\Documents\\Personals\\Blockchain\\PatrickCollins\\solidity-simple-storage-hardhat\\contracts\\SimpleStorage.sol","s":{"1":2,"2":0,"3":0,"4":0},"b":{},"f":{"1":1,"2":2,"3":0,"4":0},"fnMap":{"1":{"name":"store","line":16,"loc":{"start":{"line":16,"column":4},"end":{"line":18,"column":4}}},"2":{"name":"retrieve","line":20,"loc":{"start":{"line":20,"column":4},"end":{"line":22,"column":4}}},"3":{"name":"addPeople","line":24,"loc":{"start":{"line":24,"column":4},"end":{"line":33,"column":4}}},"4":{"name":"peopleAdded","line":35,"loc":{"start":{"line":35,"column":4},"end":{"line":37,"column":4}}}},"statementMap":{"1":{"start":{"line":21,"column":8},"end":{"line":21,"column":29}},"2":{"start":{"line":26,"column":8},"end":{"line":26,"column":609}},"3":{"start":{"line":30,"column":8},"end":{"line":30,"column":29}},"4":{"start":{"line":36,"column":8},"end":{"line":36,"column":28}}},"branchMap":{}}}